#
# There is insufficient memory for the Java Runtime Environment to continue.
# Native memory allocation (mmap) failed to map 74448896 bytes for G1 virtual space
# Possible reasons:
#   The system is out of physical RAM or swap space
#   The process is running with CompressedOops enabled, and the Java Heap may be blocking the growth of the native heap
# Possible solutions:
#   Reduce memory load on the system
#   Increase physical memory or swap space
#   Check if swap backing store is full
#   Decrease Java heap size (-Xmx/-Xms)
#   Decrease number of Java threads
#   Decrease Java thread stack sizes (-Xss)
#   Set larger code cache with -XX:ReservedCodeCacheSize=
#   JVM is running with Unscaled Compressed Oops mode in which the Java heap is
#     placed in the first 4GB address space. The Java Heap base address is the
#     maximum limit for the native heap growth. Please use -XX:HeapBaseMinAddress
#     to set the Java Heap base and to place the Java Heap above 4GB virtual address.
# This output file may be truncated or incomplete.
#
#  Out of Memory Error (os_windows.cpp:3617), pid=27040, tid=26944
#
# JRE version: OpenJDK Runtime Environment Temurin-17.0.8+7 (17.0.8+7) (build 17.0.8+7)
# Java VM: OpenJDK 64-Bit Server VM Temurin-17.0.8+7 (17.0.8+7, mixed mode, tiered, compressed oops, compressed class ptrs, g1 gc, windows-amd64)
# No core dump will be written. Minidumps are not enabled by default on client versions of Windows
#

---------------  S U M M A R Y ------------

Command Line: -Dfile.encoding=UTF-8 --module-path=D:\BaiTapLonHSK\library\sqljdbc4.jar;D:\BaiTapLonHSK\library\jcalendar-1.4.jar;D:\BaiTapLonHSK\library\poi\commons-codec-1.11.jar;D:\BaiTapLonHSK\library\poi\commons-collections4-4.2.jar;D:\BaiTapLonHSK\library\poi\commons-compress-1.18.jar;D:\BaiTapLonHSK\library\poi\poi-4.0.1.jar;D:\BaiTapLonHSK\library\poi\poi-ooxml-4.0.1.jar;D:\BaiTapLonHSK\library\poi\poi-ooxml-schemas-4.0.1.jar;D:\BaiTapLonHSK\library\poi\xmlbeans-3.0.2.jar -XX:+ShowCodeDetailsInExceptionMessages gui.Panel_SanPham

Host: 11th Gen Intel(R) Core(TM) i7-11800H @ 2.30GHz, 16 cores, 7G,  Windows 11 , 64 bit Build 22621 (10.0.22621.3374)
Time: Sun Apr 28 00:44:28 2024 SE Asia Standard Time elapsed time: 7.749608 seconds (0d 0h 0m 7s)

---------------  T H R E A D  ---------------

Current thread (0x00000240b649eb40):  VMThread "VM Thread" [stack: 0x000000acb4600000,0x000000acb4700000] [id=26944]

Stack: [0x000000acb4600000,0x000000acb4700000]
Native frames: (J=compiled Java code, j=interpreted, Vv=VM code, C=native code)
V  [jvm.dll+0x678b0a]
V  [jvm.dll+0x835e84]
V  [jvm.dll+0x83762e]
V  [jvm.dll+0x837c93]
V  [jvm.dll+0x24746f]
V  [jvm.dll+0x675859]
V  [jvm.dll+0x66a0ea]
V  [jvm.dll+0x306c7b]
V  [jvm.dll+0x30e166]
V  [jvm.dll+0x35dd3e]
V  [jvm.dll+0x35df6f]
V  [jvm.dll+0x2ddb48]
V  [jvm.dll+0x2dbd0c]
V  [jvm.dll+0x2db2dc]
V  [jvm.dll+0x31f4b1]
V  [jvm.dll+0x83c15b]
V  [jvm.dll+0x83ce94]
V  [jvm.dll+0x83d3ac]
V  [jvm.dll+0x83d784]
V  [jvm.dll+0x83d850]
V  [jvm.dll+0x7e64ca]
V  [jvm.dll+0x677955]
C  [ucrtbase.dll+0x29333]
C  [KERNEL32.DLL+0x1257d]
C  [ntdll.dll+0x5aa48]

VM_Operation (0x000000acb5afda50): G1TryInitiateConcMark, mode: safepoint, requested by thread 0x00000240bb2ad760


---------------  P R O C E S S  ---------------

Threads class SMR info:
_java_thread_list=0x00000240bb9714a0, length=18, elements={
0x00000240b6485230, 0x00000240b6486e00, 0x00000240b64aea70, 0x00000240b64af630,
0x00000240b64fa3d0, 0x00000240b64fad90, 0x00000240b64fba80, 0x00000240b64fc480,
0x00000240b650d680, 0x00000240b667b020, 0x00000240bb0b08b0, 0x00000240bc476980,
0x00000240bb75fa40, 0x00000240bb2b07a0, 0x00000240bb2ad760, 0x00000240bb834f20,
0x00000240bb834a10, 0x00000240bb971810
}

Java Threads: ( => current thread )
  0x00000240b6485230 JavaThread "Reference Handler" daemon [_thread_blocked, id=27176, stack(0x000000acb4700000,0x000000acb4800000)]
  0x00000240b6486e00 JavaThread "Finalizer" daemon [_thread_blocked, id=26124, stack(0x000000acb4800000,0x000000acb4900000)]
  0x00000240b64aea70 JavaThread "Signal Dispatcher" daemon [_thread_blocked, id=24960, stack(0x000000acb4900000,0x000000acb4a00000)]
  0x00000240b64af630 JavaThread "Attach Listener" daemon [_thread_blocked, id=14744, stack(0x000000acb4a00000,0x000000acb4b00000)]
  0x00000240b64fa3d0 JavaThread "Service Thread" daemon [_thread_blocked, id=24368, stack(0x000000acb4b00000,0x000000acb4c00000)]
  0x00000240b64fad90 JavaThread "Monitor Deflation Thread" daemon [_thread_blocked, id=19168, stack(0x000000acb4c00000,0x000000acb4d00000)]
  0x00000240b64fba80 JavaThread "C2 CompilerThread0" daemon [_thread_blocked, id=8680, stack(0x000000acb4d00000,0x000000acb4e00000)]
  0x00000240b64fc480 JavaThread "C1 CompilerThread0" daemon [_thread_blocked, id=25704, stack(0x000000acb4e00000,0x000000acb4f00000)]
  0x00000240b650d680 JavaThread "Sweeper thread" daemon [_thread_blocked, id=24884, stack(0x000000acb4f00000,0x000000acb5000000)]
  0x00000240b667b020 JavaThread "Common-Cleaner" daemon [_thread_blocked, id=24160, stack(0x000000acb5100000,0x000000acb5200000)]
  0x00000240bb0b08b0 JavaThread "Notification Thread" daemon [_thread_blocked, id=23776, stack(0x000000acb5500000,0x000000acb5600000)]
  0x00000240bc476980 JavaThread "Java2D Disposer" daemon [_thread_blocked, id=26180, stack(0x000000acb5700000,0x000000acb5800000)]
  0x00000240bb75fa40 JavaThread "AWT-Shutdown" [_thread_blocked, id=25756, stack(0x000000acb5800000,0x000000acb5900000)]
  0x00000240bb2b07a0 JavaThread "AWT-Windows" daemon [_thread_blocked, id=26692, stack(0x000000acb5900000,0x000000acb5a00000)]
  0x00000240bb2ad760 JavaThread "AWT-EventQueue-0" [_thread_blocked, id=26748, stack(0x000000acb5a00000,0x000000acb5b00000)]
  0x00000240bb834f20 JavaThread "DestroyJavaVM" [_thread_blocked, id=27144, stack(0x000000acb4000000,0x000000acb4100000)]
  0x00000240bb834a10 JavaThread "TimerQueue" daemon [_thread_blocked, id=25364, stack(0x000000acb5300000,0x000000acb5400000)]
  0x00000240bb971810 JavaThread "C1 CompilerThread1" daemon [_thread_blocked, id=25236, stack(0x000000acb5000000,0x000000acb5100000)]

Other Threads:
=>0x00000240b649eb40 VMThread "VM Thread" [stack: 0x000000acb4600000,0x000000acb4700000] [id=26944]
  0x00000240bb3c6030 WatcherThread [stack: 0x000000acb5600000,0x000000acb5700000] [id=14356]
  0x000002409bbba7b0 GCTaskThread "GC Thread#0" [stack: 0x000000acb4100000,0x000000acb4200000] [id=24336]
  0x00000240bbff4940 GCTaskThread "GC Thread#1" [stack: 0x000000acb5400000,0x000000acb5500000] [id=1744]
  0x00000240bbff3b80 GCTaskThread "GC Thread#2" [stack: 0x000000acb5e00000,0x000000acb5f00000] [id=24560]
  0x00000240bbff3e40 GCTaskThread "GC Thread#3" [stack: 0x000000acb5f00000,0x000000acb6000000] [id=25384]
  0x00000240bbff4680 GCTaskThread "GC Thread#4" [stack: 0x000000acb6000000,0x000000acb6100000] [id=10340]
  0x00000240bbff4100 GCTaskThread "GC Thread#5" [stack: 0x000000acb6100000,0x000000acb6200000] [id=26500]
  0x00000240bbff3080 GCTaskThread "GC Thread#6" [stack: 0x000000acb6200000,0x000000acb6300000] [id=26220]
  0x00000240bbff43c0 GCTaskThread "GC Thread#7" [stack: 0x000000acb6300000,0x000000acb6400000] [id=21388]
  0x00000240bbff3340 GCTaskThread "GC Thread#8" [stack: 0x000000acb6400000,0x000000acb6500000] [id=24632]
  0x000002409bbcafc0 ConcurrentGCThread "G1 Main Marker" [stack: 0x000000acb4200000,0x000000acb4300000] [id=27248]
  0x000002409bbcc170 ConcurrentGCThread "G1 Conc#0" [stack: 0x000000acb4300000,0x000000acb4400000] [id=27184]
  0x00000240bb6507f0 ConcurrentGCThread "G1 Conc#1" [stack: 0x000000acb5200000,0x000000acb5300000] [id=12108]
  0x00000240bb652bb0 ConcurrentGCThread "G1 Conc#2" [stack: 0x000000acb6500000,0x000000acb6600000] [id=25812]
  0x000002409bc0ecc0 ConcurrentGCThread "G1 Refine#0" [stack: 0x000000acb4400000,0x000000acb4500000] [id=27076]
  0x00000240b62fb8f0 ConcurrentGCThread "G1 Service" [stack: 0x000000acb4500000,0x000000acb4600000] [id=27048]

Threads with active compile tasks:
C1 CompilerThread0     7763 2190       3       javax.swing.RepaintManager::collectDirtyComponents (344 bytes)
C1 CompilerThread1     7763 2189   !   3       java.awt.KeyboardFocusManager::processCurrentLightweightRequests (345 bytes)

VM state: at safepoint (normal execution)

VM Mutex/Monitor currently owned by a thread:  ([mutex/lock_event])
[0x000002409bb562a0] Threads_lock - owner thread: 0x00000240b649eb40
[0x000002409bb56f00] Heap_lock - owner thread: 0x00000240bb2ad760

Heap address: 0x0000000083a00000, size: 1990 MB, Compressed Oops mode: 32-bit

CDS archive(s) not mapped
Compressed class space mapped at: 0x0000000100000000-0x0000000140000000, reserved size: 1073741824
Narrow klass base: 0x0000000000000000, Narrow klass shift: 3, Narrow klass range: 0x140000000

GC Precious Log:
 CPUs: 16 total, 16 available
 Memory: 7955M
 Large Page Support: Disabled
 NUMA Support: Disabled
 Compressed Oops: Enabled (32-bit)
 Heap Region Size: 1M
 Heap Min Capacity: 8M
 Heap Initial Capacity: 126M
 Heap Max Capacity: 1990M
 Pre-touch: Disabled
 Parallel Workers: 13
 Concurrent Workers: 3
 Concurrent Refinement Workers: 13
 Periodic GC: Disabled

Heap:
 garbage-first heap   total 129024K, used 53072K [0x0000000083a00000, 0x0000000100000000)
  region size 1024K, 1 young (1024K), 1 survivors (1024K)
 Metaspace       used 19777K, committed 20032K, reserved 1114112K
  class space    used 2015K, committed 2112K, reserved 1048576K

Heap Regions: E=young(eden), S=young(survivor), O=old, HS=humongous(starts), HC=humongous(continues), CS=collection set, F=free, OA=open archive, CA=closed archive, TAMS=top-at-mark-start (previous, next)
|   0|0x0000000083a00000, 0x0000000083b00000, 0x0000000083b00000|100%| O|  |TAMS 0x0000000083a00000, 0x0000000083b00000| Untracked 
|   1|0x0000000083b00000, 0x0000000083c00000, 0x0000000083c00000|100%|HS|  |TAMS 0x0000000083c00000, 0x0000000083c00000| Complete 
|   2|0x0000000083c00000, 0x0000000083d00000, 0x0000000083d00000|100%|HS|  |TAMS 0x0000000083d00000, 0x0000000083d00000| Complete 
|   3|0x0000000083d00000, 0x0000000083e00000, 0x0000000083e00000|100%| O|  |TAMS 0x0000000083d00000, 0x0000000083e00000| Untracked 
|   4|0x0000000083e00000, 0x0000000083ece200, 0x0000000083f00000| 80%| O|  |TAMS 0x0000000083e00000, 0x0000000083ece200| Untracked 
|   5|0x0000000083f00000, 0x0000000084000000, 0x0000000084000000|100%|HS|  |TAMS 0x0000000084000000, 0x0000000084000000| Complete 
|   6|0x0000000084000000, 0x0000000084100000, 0x0000000084100000|100%|HC|  |TAMS 0x0000000084100000, 0x0000000084100000| Complete 
|   7|0x0000000084100000, 0x0000000084200000, 0x0000000084200000|100%|HC|  |TAMS 0x0000000084200000, 0x0000000084200000| Complete 
|   8|0x0000000084200000, 0x0000000084300000, 0x0000000084300000|100%|HC|  |TAMS 0x0000000084300000, 0x0000000084300000| Complete 
|   9|0x0000000084300000, 0x0000000084400000, 0x0000000084400000|100%| O|  |TAMS 0x00000000843c5200, 0x0000000084400000| Untracked 
|  10|0x0000000084400000, 0x0000000084500000, 0x0000000084500000|100%|HS|  |TAMS 0x0000000084400000, 0x0000000084500000| Complete 
|  11|0x0000000084500000, 0x0000000084600000, 0x0000000084600000|100%|HC|  |TAMS 0x0000000084500000, 0x0000000084600000| Complete 
|  12|0x0000000084600000, 0x0000000084700000, 0x0000000084700000|100%|HC|  |TAMS 0x0000000084600000, 0x0000000084700000| Complete 
|  13|0x0000000084700000, 0x0000000084800000, 0x0000000084800000|100%|HC|  |TAMS 0x0000000084700000, 0x0000000084800000| Complete 
|  14|0x0000000084800000, 0x0000000084900000, 0x0000000084900000|100%|HS|  |TAMS 0x0000000084800000, 0x0000000084900000| Complete 
|  15|0x0000000084900000, 0x0000000084a00000, 0x0000000084a00000|100%|HC|  |TAMS 0x0000000084900000, 0x0000000084a00000| Complete 
|  16|0x0000000084a00000, 0x0000000084b00000, 0x0000000084b00000|100%|HC|  |TAMS 0x0000000084a00000, 0x0000000084b00000| Complete 
|  17|0x0000000084b00000, 0x0000000084c00000, 0x0000000084c00000|100%|HC|  |TAMS 0x0000000084b00000, 0x0000000084c00000| Complete 
|  18|0x0000000084c00000, 0x0000000084d00000, 0x0000000084d00000|100%|HS|  |TAMS 0x0000000084c00000, 0x0000000084d00000| Complete 
|  19|0x0000000084d00000, 0x0000000084e00000, 0x0000000084e00000|100%|HC|  |TAMS 0x0000000084d00000, 0x0000000084e00000| Complete 
|  20|0x0000000084e00000, 0x0000000084f00000, 0x0000000084f00000|100%|HC|  |TAMS 0x0000000084e00000, 0x0000000084f00000| Complete 
|  21|0x0000000084f00000, 0x0000000085000000, 0x0000000085000000|100%|HC|  |TAMS 0x0000000084f00000, 0x0000000085000000| Complete 
|  22|0x0000000085000000, 0x0000000085100000, 0x0000000085100000|100%|HC|  |TAMS 0x0000000085000000, 0x0000000085100000| Complete 
|  23|0x0000000085100000, 0x0000000085200000, 0x0000000085200000|100%|HS|  |TAMS 0x0000000085100000, 0x0000000085200000| Complete 
|  24|0x0000000085200000, 0x0000000085300000, 0x0000000085300000|100%|HC|  |TAMS 0x0000000085200000, 0x0000000085300000| Complete 
|  25|0x0000000085300000, 0x0000000085400000, 0x0000000085400000|100%|HC|  |TAMS 0x0000000085300000, 0x0000000085400000| Complete 
|  26|0x0000000085400000, 0x0000000085500000, 0x0000000085500000|100%|HC|  |TAMS 0x0000000085400000, 0x0000000085500000| Complete 
|  27|0x0000000085500000, 0x0000000085600000, 0x0000000085600000|100%|HC|  |TAMS 0x0000000085500000, 0x0000000085600000| Complete 
|  28|0x0000000085600000, 0x0000000085700000, 0x0000000085700000|100%|HS|  |TAMS 0x0000000085600000, 0x0000000085700000| Complete 
|  29|0x0000000085700000, 0x0000000085800000, 0x0000000085800000|100%|HC|  |TAMS 0x0000000085700000, 0x0000000085800000| Complete 
|  30|0x0000000085800000, 0x0000000085900000, 0x0000000085900000|100%|HC|  |TAMS 0x0000000085800000, 0x0000000085900000| Complete 
|  31|0x0000000085900000, 0x0000000085a00000, 0x0000000085a00000|100%|HC|  |TAMS 0x0000000085900000, 0x0000000085a00000| Complete 
|  32|0x0000000085a00000, 0x0000000085b00000, 0x0000000085b00000|100%|HC|  |TAMS 0x0000000085a00000, 0x0000000085b00000| Complete 
|  33|0x0000000085b00000, 0x0000000085c00000, 0x0000000085c00000|100%|HS|  |TAMS 0x0000000085b00000, 0x0000000085c00000| Complete 
|  34|0x0000000085c00000, 0x0000000085d00000, 0x0000000085d00000|100%|HC|  |TAMS 0x0000000085c00000, 0x0000000085d00000| Complete 
|  35|0x0000000085d00000, 0x0000000085e00000, 0x0000000085e00000|100%|HC|  |TAMS 0x0000000085d00000, 0x0000000085e00000| Complete 
|  36|0x0000000085e00000, 0x0000000085f00000, 0x0000000085f00000|100%|HC|  |TAMS 0x0000000085e00000, 0x0000000085f00000| Complete 
|  37|0x0000000085f00000, 0x0000000086000000, 0x0000000086000000|100%|HC|  |TAMS 0x0000000085f00000, 0x0000000086000000| Complete 
|  38|0x0000000086000000, 0x0000000086000000, 0x0000000086100000|  0%| F|  |TAMS 0x0000000086000000, 0x0000000086000000| Untracked 
|  39|0x0000000086100000, 0x0000000086100000, 0x0000000086200000|  0%| F|  |TAMS 0x0000000086100000, 0x0000000086100000| Untracked 
|  40|0x0000000086200000, 0x0000000086200000, 0x0000000086300000|  0%| F|  |TAMS 0x0000000086200000, 0x0000000086200000| Untracked 
|  41|0x0000000086300000, 0x0000000086300000, 0x0000000086400000|  0%| F|  |TAMS 0x0000000086300000, 0x0000000086300000| Untracked 
|  42|0x0000000086400000, 0x0000000086500000, 0x0000000086500000|100%|HS|  |TAMS 0x0000000086400000, 0x0000000086500000| Complete 
|  43|0x0000000086500000, 0x0000000086600000, 0x0000000086600000|100%|HC|  |TAMS 0x0000000086500000, 0x0000000086600000| Complete 
|  44|0x0000000086600000, 0x0000000086700000, 0x0000000086700000|100%|HC|  |TAMS 0x0000000086600000, 0x0000000086700000| Complete 
|  45|0x0000000086700000, 0x0000000086800000, 0x0000000086800000|100%|HC|  |TAMS 0x0000000086700000, 0x0000000086800000| Complete 
|  46|0x0000000086800000, 0x0000000086800000, 0x0000000086900000|  0%| F|  |TAMS 0x0000000086800000, 0x0000000086800000| Untracked 
|  47|0x0000000086900000, 0x0000000086900000, 0x0000000086a00000|  0%| F|  |TAMS 0x0000000086900000, 0x0000000086900000| Untracked 
|  48|0x0000000086a00000, 0x0000000086a00000, 0x0000000086b00000|  0%| F|  |TAMS 0x0000000086a00000, 0x0000000086a00000| Untracked 
|  49|0x0000000086b00000, 0x0000000086b00000, 0x0000000086c00000|  0%| F|  |TAMS 0x0000000086b00000, 0x0000000086b00000| Untracked 
|  50|0x0000000086c00000, 0x0000000086c00000, 0x0000000086d00000|  0%| F|  |TAMS 0x0000000086c00000, 0x0000000086c00000| Untracked 
|  51|0x0000000086d00000, 0x0000000086d00000, 0x0000000086e00000|  0%| F|  |TAMS 0x0000000086d00000, 0x0000000086d00000| Untracked 
|  52|0x0000000086e00000, 0x0000000086e00000, 0x0000000086f00000|  0%| F|  |TAMS 0x0000000086e00000, 0x0000000086e00000| Untracked 
|  53|0x0000000086f00000, 0x0000000086f00000, 0x0000000087000000|  0%| F|  |TAMS 0x0000000086f00000, 0x0000000086f00000| Untracked 
|  54|0x0000000087000000, 0x0000000087100000, 0x0000000087100000|100%|HS|  |TAMS 0x0000000087000000, 0x0000000087100000| Complete 
|  55|0x0000000087100000, 0x0000000087200000, 0x0000000087200000|100%|HC|  |TAMS 0x0000000087100000, 0x0000000087200000| Complete 
|  56|0x0000000087200000, 0x0000000087300000, 0x0000000087300000|100%|HC|  |TAMS 0x0000000087200000, 0x0000000087300000| Complete 
|  57|0x0000000087300000, 0x0000000087400000, 0x0000000087400000|100%|HC|  |TAMS 0x0000000087300000, 0x0000000087400000| Complete 
|  58|0x0000000087400000, 0x0000000087500000, 0x0000000087500000|100%|HC|  |TAMS 0x0000000087400000, 0x0000000087500000| Complete 
|  59|0x0000000087500000, 0x0000000087600000, 0x0000000087600000|100%|HS|  |TAMS 0x0000000087500000, 0x0000000087600000| Complete 
|  60|0x0000000087600000, 0x0000000087700000, 0x0000000087700000|100%|HC|  |TAMS 0x0000000087600000, 0x0000000087700000| Complete 
|  61|0x0000000087700000, 0x0000000087800000, 0x0000000087800000|100%|HC|  |TAMS 0x0000000087700000, 0x0000000087800000| Complete 
|  62|0x0000000087800000, 0x0000000087900000, 0x0000000087900000|100%|HC|  |TAMS 0x0000000087800000, 0x0000000087900000| Complete 
|  63|0x0000000087900000, 0x0000000087a00000, 0x0000000087a00000|100%|HC|  |TAMS 0x0000000087900000, 0x0000000087a00000| Complete 
|  64|0x0000000087a00000, 0x0000000087a00000, 0x0000000087b00000|  0%| F|  |TAMS 0x0000000087a00000, 0x0000000087a00000| Untracked 
|  65|0x0000000087b00000, 0x0000000087b00000, 0x0000000087c00000|  0%| F|  |TAMS 0x0000000087b00000, 0x0000000087b00000| Untracked 
|  66|0x0000000087c00000, 0x0000000087c00000, 0x0000000087d00000|  0%| F|  |TAMS 0x0000000087c00000, 0x0000000087c00000| Untracked 
|  67|0x0000000087d00000, 0x0000000087d00000, 0x0000000087e00000|  0%| F|  |TAMS 0x0000000087d00000, 0x0000000087d00000| Untracked 
|  68|0x0000000087e00000, 0x0000000087e00000, 0x0000000087f00000|  0%| F|  |TAMS 0x0000000087e00000, 0x0000000087e00000| Untracked 
|  69|0x0000000087f00000, 0x0000000087f00000, 0x0000000088000000|  0%| F|  |TAMS 0x0000000087f00000, 0x0000000087f00000| Untracked 
|  70|0x0000000088000000, 0x0000000088000000, 0x0000000088100000|  0%| F|  |TAMS 0x0000000088000000, 0x0000000088000000| Untracked 
|  71|0x0000000088100000, 0x0000000088100000, 0x0000000088200000|  0%| F|  |TAMS 0x0000000088100000, 0x0000000088100000| Untracked 
|  72|0x0000000088200000, 0x0000000088200000, 0x0000000088300000|  0%| F|  |TAMS 0x0000000088200000, 0x0000000088200000| Untracked 
|  73|0x0000000088300000, 0x0000000088300000, 0x0000000088400000|  0%| F|  |TAMS 0x0000000088300000, 0x0000000088300000| Untracked 
|  74|0x0000000088400000, 0x0000000088400000, 0x0000000088500000|  0%| F|  |TAMS 0x0000000088400000, 0x0000000088400000| Untracked 
|  75|0x0000000088500000, 0x0000000088500000, 0x0000000088600000|  0%| F|  |TAMS 0x0000000088500000, 0x0000000088500000| Untracked 
|  76|0x0000000088600000, 0x0000000088600000, 0x0000000088700000|  0%| F|  |TAMS 0x0000000088600000, 0x0000000088600000| Untracked 
|  77|0x0000000088700000, 0x0000000088700000, 0x0000000088800000|  0%| F|  |TAMS 0x0000000088700000, 0x0000000088700000| Untracked 
|  78|0x0000000088800000, 0x0000000088800000, 0x0000000088900000|  0%| F|  |TAMS 0x0000000088800000, 0x0000000088800000| Untracked 
|  79|0x0000000088900000, 0x0000000088900000, 0x0000000088a00000|  0%| F|  |TAMS 0x0000000088900000, 0x0000000088900000| Untracked 
|  80|0x0000000088a00000, 0x0000000088a00000, 0x0000000088b00000|  0%| F|  |TAMS 0x0000000088a00000, 0x0000000088a00000| Untracked 
|  81|0x0000000088b00000, 0x0000000088b00000, 0x0000000088c00000|  0%| F|  |TAMS 0x0000000088b00000, 0x0000000088b00000| Untracked 
|  82|0x0000000088c00000, 0x0000000088c00000, 0x0000000088d00000|  0%| F|  |TAMS 0x0000000088c00000, 0x0000000088c00000| Untracked 
|  83|0x0000000088d00000, 0x0000000088d00000, 0x0000000088e00000|  0%| F|  |TAMS 0x0000000088d00000, 0x0000000088d00000| Untracked 
|  84|0x0000000088e00000, 0x0000000088e00000, 0x0000000088f00000|  0%| F|  |TAMS 0x0000000088e00000, 0x0000000088e00000| Untracked 
|  85|0x0000000088f00000, 0x0000000088f00000, 0x0000000089000000|  0%| F|  |TAMS 0x0000000088f00000, 0x0000000088f00000| Untracked 
|  86|0x0000000089000000, 0x0000000089000000, 0x0000000089100000|  0%| F|  |TAMS 0x0000000089000000, 0x0000000089000000| Untracked 
|  87|0x0000000089100000, 0x0000000089100000, 0x0000000089200000|  0%| F|  |TAMS 0x0000000089100000, 0x0000000089100000| Untracked 
|  88|0x0000000089200000, 0x0000000089200000, 0x0000000089300000|  0%| F|  |TAMS 0x0000000089200000, 0x0000000089200000| Untracked 
|  89|0x0000000089300000, 0x0000000089300000, 0x0000000089400000|  0%| F|  |TAMS 0x0000000089300000, 0x0000000089300000| Untracked 
|  90|0x0000000089400000, 0x0000000089400000, 0x0000000089500000|  0%| F|  |TAMS 0x0000000089400000, 0x0000000089400000| Untracked 
|  91|0x0000000089500000, 0x0000000089500000, 0x0000000089600000|  0%| F|  |TAMS 0x0000000089500000, 0x0000000089500000| Untracked 
|  92|0x0000000089600000, 0x0000000089600000, 0x0000000089700000|  0%| F|  |TAMS 0x0000000089600000, 0x0000000089600000| Untracked 
|  93|0x0000000089700000, 0x0000000089700000, 0x0000000089800000|  0%| F|  |TAMS 0x0000000089700000, 0x0000000089700000| Untracked 
|  94|0x0000000089800000, 0x0000000089800000, 0x0000000089900000|  0%| F|  |TAMS 0x0000000089800000, 0x0000000089800000| Untracked 
|  95|0x0000000089900000, 0x0000000089900000, 0x0000000089a00000|  0%| F|  |TAMS 0x0000000089900000, 0x0000000089900000| Untracked 
|  96|0x0000000089a00000, 0x0000000089a00000, 0x0000000089b00000|  0%| F|  |TAMS 0x0000000089a00000, 0x0000000089a00000| Untracked 
|  97|0x0000000089b00000, 0x0000000089b00000, 0x0000000089c00000|  0%| F|  |TAMS 0x0000000089b00000, 0x0000000089b00000| Untracked 
|  98|0x0000000089c00000, 0x0000000089c00000, 0x0000000089d00000|  0%| F|  |TAMS 0x0000000089c00000, 0x0000000089c00000| Untracked 
|  99|0x0000000089d00000, 0x0000000089d00000, 0x0000000089e00000|  0%| F|  |TAMS 0x0000000089d00000, 0x0000000089d00000| Untracked 
| 100|0x0000000089e00000, 0x0000000089e00000, 0x0000000089f00000|  0%| F|  |TAMS 0x0000000089e00000, 0x0000000089e00000| Untracked 
| 101|0x0000000089f00000, 0x0000000089f00000, 0x000000008a000000|  0%| F|  |TAMS 0x0000000089f00000, 0x0000000089f00000| Untracked 
| 102|0x000000008a000000, 0x000000008a000000, 0x000000008a100000|  0%| F|  |TAMS 0x000000008a000000, 0x000000008a000000| Untracked 
| 103|0x000000008a100000, 0x000000008a100000, 0x000000008a200000|  0%| F|  |TAMS 0x000000008a100000, 0x000000008a100000| Untracked 
| 104|0x000000008a200000, 0x000000008a200000, 0x000000008a300000|  0%| F|  |TAMS 0x000000008a200000, 0x000000008a200000| Untracked 
| 105|0x000000008a300000, 0x000000008a300000, 0x000000008a400000|  0%| F|  |TAMS 0x000000008a300000, 0x000000008a300000| Untracked 
| 106|0x000000008a400000, 0x000000008a400000, 0x000000008a500000|  0%| F|  |TAMS 0x000000008a400000, 0x000000008a400000| Untracked 
| 107|0x000000008a500000, 0x000000008a500000, 0x000000008a600000|  0%| F|  |TAMS 0x000000008a500000, 0x000000008a500000| Untracked 
| 108|0x000000008a600000, 0x000000008a600000, 0x000000008a700000|  0%| F|  |TAMS 0x000000008a600000, 0x000000008a600000| Untracked 
| 109|0x000000008a700000, 0x000000008a700000, 0x000000008a800000|  0%| F|  |TAMS 0x000000008a700000, 0x000000008a700000| Untracked 
| 110|0x000000008a800000, 0x000000008a800000, 0x000000008a900000|  0%| F|  |TAMS 0x000000008a800000, 0x000000008a800000| Untracked 
| 111|0x000000008a900000, 0x000000008a900000, 0x000000008aa00000|  0%| F|  |TAMS 0x000000008a900000, 0x000000008a900000| Untracked 
| 112|0x000000008aa00000, 0x000000008aa00000, 0x000000008ab00000|  0%| F|  |TAMS 0x000000008aa00000, 0x000000008aa00000| Untracked 
| 113|0x000000008ab00000, 0x000000008ab00000, 0x000000008ac00000|  0%| F|  |TAMS 0x000000008ab00000, 0x000000008ab00000| Untracked 
| 114|0x000000008ac00000, 0x000000008ac00000, 0x000000008ad00000|  0%| F|  |TAMS 0x000000008ac00000, 0x000000008ac00000| Untracked 
| 115|0x000000008ad00000, 0x000000008ad00000, 0x000000008ae00000|  0%| F|  |TAMS 0x000000008ad00000, 0x000000008ad00000| Untracked 
| 116|0x000000008ae00000, 0x000000008ae00000, 0x000000008af00000|  0%| F|  |TAMS 0x000000008ae00000, 0x000000008ae00000| Untracked 
| 117|0x000000008af00000, 0x000000008af00000, 0x000000008b000000|  0%| F|  |TAMS 0x000000008af00000, 0x000000008af00000| Untracked 
| 118|0x000000008b000000, 0x000000008b000000, 0x000000008b100000|  0%| F|  |TAMS 0x000000008b000000, 0x000000008b000000| Untracked 
| 119|0x000000008b100000, 0x000000008b100000, 0x000000008b200000|  0%| F|  |TAMS 0x000000008b100000, 0x000000008b100000| Untracked 
| 120|0x000000008b200000, 0x000000008b200000, 0x000000008b300000|  0%| F|  |TAMS 0x000000008b200000, 0x000000008b200000| Untracked 
| 121|0x000000008b300000, 0x000000008b300000, 0x000000008b400000|  0%| F|  |TAMS 0x000000008b300000, 0x000000008b300000| Untracked 
| 122|0x000000008b400000, 0x000000008b4060c0, 0x000000008b500000|  2%| S|CS|TAMS 0x000000008b400000, 0x000000008b400000| Complete 
| 123|0x000000008b500000, 0x000000008b500000, 0x000000008b600000|  0%| F|  |TAMS 0x000000008b500000, 0x000000008b500000| Untracked 
| 124|0x000000008b600000, 0x000000008b600000, 0x000000008b700000|  0%| F|  |TAMS 0x000000008b600000, 0x000000008b600000| Untracked 
| 125|0x000000008b700000, 0x000000008b700000, 0x000000008b800000|  0%| F|  |TAMS 0x000000008b700000, 0x000000008b700000| Untracked 

Card table byte_map: [0x00000240aee90000,0x00000240af280000] _byte_map_base: 0x00000240aea73000

Marking Bits (Prev, Next): (CMBitMap*) 0x000002409bbbae10, (CMBitMap*) 0x000002409bbbadd0
 Prev Bits: [0x00000240b1590000, 0x00000240b34a8000)
 Next Bits: [0x00000240af670000, 0x00000240b1588000)

Polling page: 0x0000024099830000

Metaspace:

Usage:
  Non-class:     17.35 MB used.
      Class:      1.97 MB used.
       Both:     19.31 MB used.

Virtual space:
  Non-class space:       64.00 MB reserved,      17.50 MB ( 27%) committed,  1 nodes.
      Class space:        1.00 GB reserved,       2.06 MB ( <1%) committed,  1 nodes.
             Both:        1.06 GB reserved,      19.56 MB (  2%) committed. 

Chunk freelists:
   Non-Class:  14.50 MB
       Class:  13.75 MB
        Both:  28.25 MB

MaxMetaspaceSize: unlimited
CompressedClassSpaceSize: 1.00 GB
Initial GC threshold: 21.00 MB
Current GC threshold: 32.31 MB
CDS: off
MetaspaceReclaimPolicy: balanced
 - commit_granule_bytes: 65536.
 - commit_granule_words: 8192.
 - virtual_space_node_default_size: 8388608.
 - enlarge_chunks_in_place: 1.
 - new_chunks_are_fully_committed: 0.
 - uncommit_free_chunks: 1.
 - use_allocation_guard: 0.
 - handle_deallocations: 1.


Internal statistics:

num_allocs_failed_limit: 0.
num_arena_births: 126.
num_arena_deaths: 0.
num_vsnodes_births: 2.
num_vsnodes_deaths: 0.
num_space_committed: 313.
num_space_uncommitted: 0.
num_chunks_returned_to_freelist: 0.
num_chunks_taken_from_freelist: 198.
num_chunk_merges: 0.
num_chunk_splits: 107.
num_chunks_enlarged: 60.
num_inconsistent_stats: 0.

CodeHeap 'non-profiled nmethods': size=119168Kb used=675Kb max_used=675Kb free=118492Kb
 bounds [0x00000240a6db0000, 0x00000240a7020000, 0x00000240ae210000]
CodeHeap 'profiled nmethods': size=119104Kb used=4019Kb max_used=4019Kb free=115084Kb
 bounds [0x000002409f210000, 0x000002409f600000, 0x00000240a6660000]
CodeHeap 'non-nmethods': size=7488Kb used=1878Kb max_used=3012Kb free=5609Kb
 bounds [0x00000240a6660000, 0x00000240a6960000, 0x00000240a6db0000]
 total_blobs=2826 nmethods=2187 adapters=549
 compilation: enabled
              stopped_count=0, restarted_count=0
 full_count=0

Compilation events (20 events):
Event: 7.740 Thread 0x00000240bb971810 2180       3       javax.swing.table.DefaultTableCellRenderer::revalidate (1 bytes)
Event: 7.740 Thread 0x00000240b64fc480 2181       3       javax.swing.plaf.metal.MetalBorders$TableHeaderBorder::getBorderInsets (10 bytes)
Event: 7.740 Thread 0x00000240bb971810 nmethod 2180 0x000002409f5edc10 code [0x000002409f5edda0, 0x000002409f5edeb8]
Event: 7.740 Thread 0x00000240bb971810 2182       3       javax.swing.plaf.basic.BasicTableHeaderUI::getHeaderRenderer (89 bytes)
Event: 7.740 Thread 0x00000240b64fc480 nmethod 2181 0x000002409f5edf90 code [0x000002409f5ee120, 0x000002409f5ee338]
Event: 7.740 Thread 0x00000240b64fc480 2183       3       javax.swing.plaf.basic.BasicTableHeaderUI::getSelectedColumnIndex (37 bytes)
Event: 7.740 Thread 0x00000240b64fc480 nmethod 2183 0x000002409f5ee410 code [0x000002409f5ee5c0, 0x000002409f5ee918]
Event: 7.740 Thread 0x00000240b64fc480 2184       3       sun.swing.table.DefaultTableCellHeaderRenderer::getTableCellRendererComponent (296 bytes)
Event: 7.740 Thread 0x00000240bb971810 nmethod 2182 0x000002409f5eea90 code [0x000002409f5eece0, 0x000002409f5ef718]
Event: 7.740 Thread 0x00000240bb971810 2185       3       sun.swing.DefaultLookup::getBoolean (32 bytes)
Event: 7.740 Thread 0x00000240bb971810 nmethod 2185 0x000002409f5efb10 code [0x000002409f5efcc0, 0x000002409f5f0088]
Event: 7.740 Thread 0x00000240bb971810 2186       3       sun.awt.geom.AreaOp::pruneEdges (987 bytes)
Event: 7.741 Thread 0x00000240b64fba80 2187       4       javax.swing.JComponent::getX (5 bytes)
Event: 7.741 Thread 0x00000240b64fc480 nmethod 2184 0x000002409f5f0190 code [0x000002409f5f06a0, 0x000002409f5f3c88]
Event: 7.741 Thread 0x00000240b64fba80 nmethod 2187 0x00000240a6e58810 code [0x00000240a6e58980, 0x00000240a6e589f8]
Event: 7.741 Thread 0x00000240b64fc480 2188       1       javax.swing.JList::getSelectionBackground (5 bytes)
Event: 7.741 Thread 0x00000240b64fc480 nmethod 2188 0x00000240a6e58b10 code [0x00000240a6e58ca0, 0x00000240a6e58d78]
Event: 7.743 Thread 0x00000240bb971810 nmethod 2186 0x000002409f5f4a90 code [0x000002409f5f52a0, 0x000002409f5fa708]
Event: 7.746 Thread 0x00000240bb971810 2189   !   3       java.awt.KeyboardFocusManager::processCurrentLightweightRequests (345 bytes)
Event: 7.747 Thread 0x00000240b64fc480 2190       3       javax.swing.RepaintManager::collectDirtyComponents (344 bytes)

GC Heap History (15 events):
Event: 1.782 GC heap before
{Heap before GC invocations=0 (full 0):
 garbage-first heap   total 129024K, used 31744K [0x0000000083a00000, 0x0000000100000000)
  region size 1024K, 23 young (23552K), 0 survivors (0K)
 Metaspace       used 19162K, committed 19328K, reserved 1114112K
  class space    used 2010K, committed 2048K, reserved 1048576K
}
Event: 1.784 GC heap after
{Heap after GC invocations=1 (full 0):
 garbage-first heap   total 129024K, used 10004K [0x0000000083a00000, 0x0000000100000000)
  region size 1024K, 3 young (3072K), 3 survivors (3072K)
 Metaspace       used 19162K, committed 19328K, reserved 1114112K
  class space    used 2010K, committed 2048K, reserved 1048576K
}
Event: 7.468 GC heap before
{Heap before GC invocations=1 (full 0):
 garbage-first heap   total 129024K, used 61204K [0x0000000083a00000, 0x0000000100000000)
  region size 1024K, 6 young (6144K), 3 survivors (3072K)
 Metaspace       used 19578K, committed 19840K, reserved 1114112K
  class space    used 2015K, committed 2112K, reserved 1048576K
}
Event: 7.470 GC heap after
{Heap after GC invocations=2 (full 0):
 garbage-first heap   total 129024K, used 59624K [0x0000000083a00000, 0x0000000100000000)
  region size 1024K, 1 young (1024K), 1 survivors (1024K)
 Metaspace       used 19578K, committed 19840K, reserved 1114112K
  class space    used 2015K, committed 2112K, reserved 1048576K
}
Event: 7.481 GC heap before
{Heap before GC invocations=3 (full 0):
 garbage-first heap   total 129024K, used 63720K [0x0000000083a00000, 0x0000000100000000)
  region size 1024K, 2 young (2048K), 1 survivors (1024K)
 Metaspace       used 19578K, committed 19840K, reserved 1114112K
  class space    used 2015K, committed 2112K, reserved 1048576K
}
Event: 7.482 GC heap after
{Heap after GC invocations=4 (full 0):
 garbage-first heap   total 129024K, used 18342K [0x0000000083a00000, 0x0000000100000000)
  region size 1024K, 1 young (1024K), 1 survivors (1024K)
 Metaspace       used 19578K, committed 19840K, reserved 1114112K
  class space    used 2015K, committed 2112K, reserved 1048576K
}
Event: 7.562 GC heap before
{Heap before GC invocations=4 (full 0):
 garbage-first heap   total 129024K, used 57254K [0x0000000083a00000, 0x0000000100000000)
  region size 1024K, 4 young (4096K), 1 survivors (1024K)
 Metaspace       used 19650K, committed 19904K, reserved 1114112K
  class space    used 2015K, committed 2112K, reserved 1048576K
}
Event: 7.563 GC heap after
{Heap after GC invocations=5 (full 0):
 garbage-first heap   total 129024K, used 51039K [0x0000000083a00000, 0x0000000100000000)
  region size 1024K, 1 young (1024K), 1 survivors (1024K)
 Metaspace       used 19650K, committed 19904K, reserved 1114112K
  class space    used 2015K, committed 2112K, reserved 1048576K
}
Event: 7.569 GC heap before
{Heap before GC invocations=5 (full 0):
 garbage-first heap   total 129024K, used 55135K [0x0000000083a00000, 0x0000000100000000)
  region size 1024K, 2 young (2048K), 1 survivors (1024K)
 Metaspace       used 19655K, committed 19904K, reserved 1114112K
  class space    used 2015K, committed 2112K, reserved 1048576K
}
Event: 7.569 GC heap after
{Heap after GC invocations=6 (full 0):
 garbage-first heap   total 129024K, used 18253K [0x0000000083a00000, 0x0000000100000000)
  region size 1024K, 1 young (1024K), 1 survivors (1024K)
 Metaspace       used 19655K, committed 19904K, reserved 1114112K
  class space    used 2015K, committed 2112K, reserved 1048576K
}
Event: 7.666 GC heap before
{Heap before GC invocations=6 (full 0):
 garbage-first heap   total 129024K, used 56141K [0x0000000083a00000, 0x0000000100000000)
  region size 1024K, 3 young (3072K), 1 survivors (1024K)
 Metaspace       used 19720K, committed 19968K, reserved 1114112K
  class space    used 2015K, committed 2112K, reserved 1048576K
}
Event: 7.667 GC heap after
{Heap after GC invocations=7 (full 0):
 garbage-first heap   total 129024K, used 51024K [0x0000000083a00000, 0x0000000100000000)
  region size 1024K, 1 young (1024K), 1 survivors (1024K)
 Metaspace       used 19720K, committed 19968K, reserved 1114112K
  class space    used 2015K, committed 2112K, reserved 1048576K
}
Event: 7.674 GC heap before
{Heap before GC invocations=7 (full 0):
 garbage-first heap   total 129024K, used 55120K [0x0000000083a00000, 0x0000000100000000)
  region size 1024K, 2 young (2048K), 1 survivors (1024K)
 Metaspace       used 19725K, committed 19968K, reserved 1114112K
  class space    used 2015K, committed 2112K, reserved 1048576K
}
Event: 7.674 GC heap after
{Heap after GC invocations=8 (full 0):
 garbage-first heap   total 129024K, used 18252K [0x0000000083a00000, 0x0000000100000000)
  region size 1024K, 1 young (1024K), 1 survivors (1024K)
 Metaspace       used 19725K, committed 19968K, reserved 1114112K
  class space    used 2015K, committed 2112K, reserved 1048576K
}
Event: 7.747 GC heap before
{Heap before GC invocations=8 (full 0):
 garbage-first heap   total 129024K, used 58188K [0x0000000083a00000, 0x0000000100000000)
  region size 1024K, 3 young (3072K), 1 survivors (1024K)
 Metaspace       used 19777K, committed 20032K, reserved 1114112K
  class space    used 2015K, committed 2112K, reserved 1048576K
}

Dll operation events (8 events):
Event: 0.004 Loaded shared library C:\Users\NITRO 5\.p2\pool\plugins\org.eclipse.justj.openjdk.hotspot.jre.full.win32.x86_64_17.0.8.v20230801-1951\jre\bin\java.dll
Event: 0.088 Loaded shared library C:\Users\NITRO 5\.p2\pool\plugins\org.eclipse.justj.openjdk.hotspot.jre.full.win32.x86_64_17.0.8.v20230801-1951\jre\bin\net.dll
Event: 0.089 Loaded shared library C:\Users\NITRO 5\.p2\pool\plugins\org.eclipse.justj.openjdk.hotspot.jre.full.win32.x86_64_17.0.8.v20230801-1951\jre\bin\nio.dll
Event: 0.093 Loaded shared library C:\Users\NITRO 5\.p2\pool\plugins\org.eclipse.justj.openjdk.hotspot.jre.full.win32.x86_64_17.0.8.v20230801-1951\jre\bin\zip.dll
Event: 0.160 Loaded shared library C:\Users\NITRO 5\.p2\pool\plugins\org.eclipse.justj.openjdk.hotspot.jre.full.win32.x86_64_17.0.8.v20230801-1951\jre\bin\jimage.dll
Event: 0.254 Loaded shared library C:\Users\NITRO 5\.p2\pool\plugins\org.eclipse.justj.openjdk.hotspot.jre.full.win32.x86_64_17.0.8.v20230801-1951\jre\bin\awt.dll
Event: 0.398 Loaded shared library C:\Users\NITRO 5\.p2\pool\plugins\org.eclipse.justj.openjdk.hotspot.jre.full.win32.x86_64_17.0.8.v20230801-1951\jre\bin\freetype.dll
Event: 0.398 Loaded shared library C:\Users\NITRO 5\.p2\pool\plugins\org.eclipse.justj.openjdk.hotspot.jre.full.win32.x86_64_17.0.8.v20230801-1951\jre\bin\fontmanager.dll

Deoptimization events (20 events):
Event: 0.354 Thread 0x000002409bb59fa0 Uncommon trap: trap_request=0xffffff45 fr.pc=0x00000240a6ddbb74 relative=0x00000000000000d4
Event: 0.354 Thread 0x000002409bb59fa0 Uncommon trap: reason=unstable_if action=reinterpret pc=0x00000240a6ddbb74 method=java.util.HashMap.hash(Ljava/lang/Object;)I @ 1 c2
Event: 0.354 Thread 0x000002409bb59fa0 DEOPT PACKING pc=0x00000240a6ddbb74 sp=0x000000acb40fe910
Event: 0.354 Thread 0x000002409bb59fa0 DEOPT UNPACKING pc=0x00000240a66ba1a3 sp=0x000000acb40fe850 mode 2
Event: 0.356 Thread 0x000002409bb59fa0 Uncommon trap: trap_request=0xffffff45 fr.pc=0x00000240a6dfe850 relative=0x0000000000000230
Event: 0.356 Thread 0x000002409bb59fa0 Uncommon trap: reason=unstable_if action=reinterpret pc=0x00000240a6dfe850 method=java.util.HashMap.hash(Ljava/lang/Object;)I @ 1 c2
Event: 0.356 Thread 0x000002409bb59fa0 DEOPT PACKING pc=0x00000240a6dfe850 sp=0x000000acb40fe9f0
Event: 0.356 Thread 0x000002409bb59fa0 DEOPT UNPACKING pc=0x00000240a66ba1a3 sp=0x000000acb40fe8e8 mode 2
Event: 0.357 Thread 0x000002409bb59fa0 Uncommon trap: trap_request=0xffffff45 fr.pc=0x00000240a6dc95f4 relative=0x0000000000000074
Event: 0.357 Thread 0x000002409bb59fa0 Uncommon trap: reason=unstable_if action=reinterpret pc=0x00000240a6dc95f4 method=jdk.internal.misc.Unsafe.convEndian(ZI)I @ 4 c2
Event: 0.357 Thread 0x000002409bb59fa0 DEOPT PACKING pc=0x00000240a6dc95f4 sp=0x000000acb40fa7a0
Event: 0.357 Thread 0x000002409bb59fa0 DEOPT UNPACKING pc=0x00000240a66ba1a3 sp=0x000000acb40fa6d0 mode 2
Event: 0.358 Thread 0x000002409bb59fa0 Uncommon trap: trap_request=0xffffff45 fr.pc=0x00000240a6dd850c relative=0x000000000000018c
Event: 0.358 Thread 0x000002409bb59fa0 Uncommon trap: reason=unstable_if action=reinterpret pc=0x00000240a6dd850c method=java.lang.String.equals(Ljava/lang/Object;)Z @ 33 c2
Event: 0.358 Thread 0x000002409bb59fa0 DEOPT PACKING pc=0x00000240a6dd850c sp=0x000000acb40fedc0
Event: 0.358 Thread 0x000002409bb59fa0 DEOPT UNPACKING pc=0x00000240a66ba1a3 sp=0x000000acb40fed60 mode 2
Event: 0.375 Thread 0x000002409bb59fa0 Uncommon trap: trap_request=0xffffff45 fr.pc=0x00000240a6dca01c relative=0x000000000000015c
Event: 0.375 Thread 0x000002409bb59fa0 Uncommon trap: reason=unstable_if action=reinterpret pc=0x00000240a6dca01c method=java.lang.invoke.VarHandle.checkExactAccessMode(Ljava/lang/invoke/VarHandle$AccessDescriptor;)V @ 4 c2
Event: 0.375 Thread 0x000002409bb59fa0 DEOPT PACKING pc=0x00000240a6dca01c sp=0x000000acb40fe890
Event: 0.375 Thread 0x000002409bb59fa0 DEOPT UNPACKING pc=0x00000240a66ba1a3 sp=0x000000acb40fe7d0 mode 2

Classes unloaded (0 events):
No events

Classes redefined (0 events):
No events

Internal exceptions (20 events):
Event: 0.207 Thread 0x000002409bb59fa0 Exception <a 'java/lang/IncompatibleClassChangeError'{0x000000008a91ac18}: Found class java.lang.Object, but interface was expected> (0x000000008a91ac18) 
thrown [s\src\hotspot\share\interpreter\linkResolver.cpp, line 826]
Event: 0.208 Thread 0x000002409bb59fa0 Exception <a 'java/lang/NoSuchMethodError'{0x000000008a91d9e0}: 'void java.lang.invoke.DirectMethodHandle$Holder.invokeStatic(java.lang.Object, java.lang.Object, java.lang.Object, java.lang.Object)'> (0x000000008a91d9e0) 
thrown [s\src\hotspot\share\interpreter\linkResolver.cpp, line 759]
Event: 0.250 Thread 0x000002409bb59fa0 Exception <a 'java/lang/ClassNotFoundException'{0x000000008a6d9f48}: sun/awt/resources/spi/awtProvider> (0x000000008a6d9f48) 
thrown [s\src\hotspot\share\classfile\systemDictionary.cpp, line 256]
Event: 0.263 Thread 0x000002409bb59fa0 Exception <a 'java/io/FileNotFoundException'{0x000000008a5216c8}> (0x000000008a5216c8) 
thrown [s\src\hotspot\share\prims\jni.cpp, line 516]
Event: 0.267 Thread 0x000002409bb59fa0 Exception <a 'java/io/FileNotFoundException'{0x000000008a54e5f0}> (0x000000008a54e5f0) 
thrown [s\src\hotspot\share\prims\jni.cpp, line 516]
Event: 0.302 Thread 0x000002409bb59fa0 Exception <a 'java/lang/NoSuchMethodError'{0x000000008a597200}: 'java.lang.Object java.lang.invoke.DirectMethodHandle$Holder.invokeStaticInit(java.lang.Object)'> (0x000000008a597200) 
thrown [s\src\hotspot\share\interpreter\linkResolver.cpp, line 759]
Event: 0.329 Thread 0x000002409bb59fa0 Exception <a 'java/lang/NoSuchMethodError'{0x000000008a419f80}: 'java.lang.Object java.lang.invoke.DirectMethodHandle$Holder.newInvokeSpecial(java.lang.Object, java.lang.Object, java.lang.Object, java.lang.Object, java.lang.Object)'> (0x000000008a419f80) 
thrown [s\src\hotspot\share\interpreter\linkResolver.cpp, line 759]
Event: 0.330 Thread 0x000002409bb59fa0 Exception <a 'java/lang/NoSuchMethodError'{0x000000008a425948}: 'java.lang.Object java.lang.invoke.DirectMethodHandle$Holder.invokeStatic(java.lang.Object, int, java.lang.Object, java.lang.Object, java.lang.Object, java.lang.Object)'> (0x000000008a425948) 
thrown [s\src\hotspot\share\interpreter\linkResolver.cpp, line 759]
Event: 0.334 Thread 0x000002409bb59fa0 Exception <a 'java/lang/NoSuchMethodError'{0x000000008a44b148}: 'java.lang.Object java.lang.invoke.DirectMethodHandle$Holder.invokeStatic(java.lang.Object, int, java.lang.Object)'> (0x000000008a44b148) 
thrown [s\src\hotspot\share\interpreter\linkResolver.cpp, line 759]
Event: 0.350 Thread 0x000002409bb59fa0 Exception <a 'java/lang/ClassNotFoundException'{0x000000008a3029f0}: com/sun/swing/internal/plaf/metal/resources/spi/metalProvider> (0x000000008a3029f0) 
thrown [s\src\hotspot\share\classfile\systemDictionary.cpp, line 256]
Event: 0.351 Thread 0x000002409bb59fa0 Exception <a 'java/lang/ClassNotFoundException'{0x000000008a306818}: com/sun/swing/internal/plaf/basic/resources/spi/basicProvider> (0x000000008a306818) 
thrown [s\src\hotspot\share\classfile\systemDictionary.cpp, line 256]
Event: 0.354 Thread 0x000002409bb59fa0 Implicit null exception at 0x00000240a6ddbad8 to 0x00000240a6ddbb6a
Event: 0.356 Thread 0x000002409bb59fa0 Implicit null exception at 0x00000240a6dfe66c to 0x00000240a6dfe838
Event: 0.390 Thread 0x000002409bb59fa0 Exception <a 'java/lang/NoSuchMethodError'{0x000000008a3ef780}: 'void java.lang.invoke.DirectMethodHandle$Holder.invokeStatic(java.lang.Object, java.lang.Object, java.lang.Object)'> (0x000000008a3ef780) 
thrown [s\src\hotspot\share\interpreter\linkResolver.cpp, line 759]
Event: 0.391 Thread 0x000002409bb59fa0 Exception <a 'java/lang/NoSuchMethodError'{0x000000008a3f5c18}: 'void java.lang.invoke.DirectMethodHandle$Holder.invokeStatic(java.lang.Object, java.lang.Object)'> (0x000000008a3f5c18) 
thrown [s\src\hotspot\share\interpreter\linkResolver.cpp, line 759]
Event: 0.402 Thread 0x000002409bb59fa0 Exception <a 'java/io/FileNotFoundException'{0x000000008a21de00}> (0x000000008a21de00) 
thrown [s\src\hotspot\share\prims\jni.cpp, line 516]
Event: 0.418 Thread 0x000002409bb59fa0 Exception <a 'java/lang/NullPointerException'{0x000000008a266c88}> (0x000000008a266c88) 
thrown [s\src\hotspot\share\interpreter\linkResolver.cpp, line 1433]
Event: 0.420 Thread 0x000002409bb59fa0 Exception <a 'java/lang/NullPointerException'{0x000000008a27b2c0}> (0x000000008a27b2c0) 
thrown [s\src\hotspot\share\interpreter\linkResolver.cpp, line 1433]
Event: 0.441 Thread 0x000002409bb59fa0 Exception <a 'java/lang/NoSuchMethodError'{0x000000008a2c8d28}: 'void java.lang.invoke.DirectMethodHandle$Holder.invokeStaticInit(java.lang.Object)'> (0x000000008a2c8d28) 
thrown [s\src\hotspot\share\interpreter\linkResolver.cpp, line 759]
Event: 0.503 Thread 0x00000240bb2b07a0 Exception <a 'java/lang/NoSuchMethodError'{0x000000008a5fbc30}: 'void java.lang.invoke.DirectMethodHandle$Holder.invokeVirtual(java.lang.Object, java.lang.Object)'> (0x000000008a5fbc30) 
thrown [s\src\hotspot\share\interpreter\linkResolver.cpp, line 759]

VM Operations (20 events):
Event: 5.823 Executing VM operation: Cleanup done
Event: 6.838 Executing VM operation: Cleanup
Event: 6.838 Executing VM operation: Cleanup done
Event: 7.468 Executing VM operation: G1TryInitiateConcMark
Event: 7.470 Executing VM operation: G1TryInitiateConcMark done
Event: 7.471 Executing VM operation: G1PauseRemark
Event: 7.472 Executing VM operation: G1PauseRemark done
Event: 7.473 Executing VM operation: G1PauseCleanup
Event: 7.473 Executing VM operation: G1PauseCleanup done
Event: 7.481 Executing VM operation: G1TryInitiateConcMark
Event: 7.482 Executing VM operation: G1TryInitiateConcMark done
Event: 7.562 Executing VM operation: G1TryInitiateConcMark
Event: 7.563 Executing VM operation: G1TryInitiateConcMark done
Event: 7.569 Executing VM operation: G1TryInitiateConcMark
Event: 7.569 Executing VM operation: G1TryInitiateConcMark done
Event: 7.666 Executing VM operation: G1TryInitiateConcMark
Event: 7.667 Executing VM operation: G1TryInitiateConcMark done
Event: 7.674 Executing VM operation: G1TryInitiateConcMark
Event: 7.674 Executing VM operation: G1TryInitiateConcMark done
Event: 7.747 Executing VM operation: G1TryInitiateConcMark

Events (20 events):
Event: 1.781 Thread 0x00000240bb834a10 Thread added: 0x00000240bb834a10
Event: 1.781 loading class javax/swing/TimerQueue$DelayedTimer
Event: 1.781 loading class java/util/concurrent/Delayed
Event: 1.781 loading class java/util/concurrent/Delayed done
Event: 1.781 loading class javax/swing/TimerQueue$DelayedTimer done
Event: 1.784 loading class java/util/concurrent/TimeUnit$1
Event: 1.785 loading class java/util/concurrent/TimeUnit$1 done
Event: 1.957 loading class java/awt/event/MouseWheelEvent
Event: 1.957 loading class java/awt/event/MouseWheelEvent done
Event: 2.133 loading class java/awt/LightweightDispatcher$2
Event: 2.133 loading class java/awt/LightweightDispatcher$2 done
Event: 2.312 loading class javax/swing/Timer$1
Event: 2.312 loading class javax/swing/Timer$1 done
Event: 3.253 Thread 0x00000240b66e9390 Thread exited: 0x00000240b66e9390
Event: 5.068 Thread 0x00000240b65660c0 Thread exited: 0x00000240b65660c0
Event: 7.308 loading class sun/awt/windows/WComponentPeer$1
Event: 7.308 loading class sun/awt/windows/WComponentPeer$1 done
Event: 7.315 loading class sun/java2d/opengl/OGLSurfaceData
Event: 7.315 loading class sun/java2d/opengl/OGLSurfaceData done
Event: 7.346 Thread 0x00000240bb971810 Thread added: 0x00000240bb971810


Dynamic libraries:
0x00007ff6a2bf0000 - 0x00007ff6a2bfe000 	C:\Users\NITRO 5\.p2\pool\plugins\org.eclipse.justj.openjdk.hotspot.jre.full.win32.x86_64_17.0.8.v20230801-1951\jre\bin\javaw.exe
0x00007ff9ed510000 - 0x00007ff9ed726000 	C:\WINDOWS\SYSTEM32\ntdll.dll
0x00007ff9ec8d0000 - 0x00007ff9ec994000 	C:\WINDOWS\System32\KERNEL32.DLL
0x00007ff9eaac0000 - 0x00007ff9eae67000 	C:\WINDOWS\System32\KERNELBASE.dll
0x00007ff9eaf90000 - 0x00007ff9eb0a1000 	C:\WINDOWS\System32\ucrtbase.dll
0x00007ff9e2f00000 - 0x00007ff9e2f17000 	C:\Users\NITRO 5\.p2\pool\plugins\org.eclipse.justj.openjdk.hotspot.jre.full.win32.x86_64_17.0.8.v20230801-1951\jre\bin\jli.dll
0x00007ff9af8c0000 - 0x00007ff9af8d9000 	C:\Users\NITRO 5\.p2\pool\plugins\org.eclipse.justj.openjdk.hotspot.jre.full.win32.x86_64_17.0.8.v20230801-1951\jre\bin\VCRUNTIME140.dll
0x00007ff9ec720000 - 0x00007ff9ec8ce000 	C:\WINDOWS\System32\USER32.dll
0x00007ff9eb120000 - 0x00007ff9eb146000 	C:\WINDOWS\System32\win32u.dll
0x00007ff9ebb00000 - 0x00007ff9ebb29000 	C:\WINDOWS\System32\GDI32.dll
0x00007ff9cc330000 - 0x00007ff9cc5c3000 	C:\WINDOWS\WinSxS\amd64_microsoft.windows.common-controls_6595b64144ccf1df_6.0.22621.3235_none_270f74e173860f98\COMCTL32.dll
0x00007ff9eae70000 - 0x00007ff9eaf89000 	C:\WINDOWS\System32\gdi32full.dll
0x00007ff9ec010000 - 0x00007ff9ec0b7000 	C:\WINDOWS\System32\msvcrt.dll
0x00007ff9ea830000 - 0x00007ff9ea8ca000 	C:\WINDOWS\System32\msvcp_win.dll
0x00007ff9eb240000 - 0x00007ff9eb271000 	C:\WINDOWS\System32\IMM32.DLL
0x00007ff9e5b80000 - 0x00007ff9e5b8c000 	C:\Users\NITRO 5\.p2\pool\plugins\org.eclipse.justj.openjdk.hotspot.jre.full.win32.x86_64_17.0.8.v20230801-1951\jre\bin\vcruntime140_1.dll
0x00007ff99cc10000 - 0x00007ff99cca1000 	C:\Users\NITRO 5\.p2\pool\plugins\org.eclipse.justj.openjdk.hotspot.jre.full.win32.x86_64_17.0.8.v20230801-1951\jre\bin\msvcp140.dll
0x00007ff97d510000 - 0x00007ff97e15c000 	C:\Users\NITRO 5\.p2\pool\plugins\org.eclipse.justj.openjdk.hotspot.jre.full.win32.x86_64_17.0.8.v20230801-1951\jre\bin\server\jvm.dll
0x00007ff9ecdf0000 - 0x00007ff9ecea2000 	C:\WINDOWS\System32\ADVAPI32.dll
0x00007ff9ec9a0000 - 0x00007ff9eca48000 	C:\WINDOWS\System32\sechost.dll
0x00007ff9eb150000 - 0x00007ff9eb178000 	C:\WINDOWS\System32\bcrypt.dll
0x00007ff9ecfd0000 - 0x00007ff9ed0e5000 	C:\WINDOWS\System32\RPCRT4.dll
0x00007ff9e9690000 - 0x00007ff9e96dd000 	C:\WINDOWS\SYSTEM32\POWRPROF.dll
0x00007ff9e2b80000 - 0x00007ff9e2b89000 	C:\WINDOWS\SYSTEM32\WSOCK32.dll
0x00007ff9e2eb0000 - 0x00007ff9e2ee4000 	C:\WINDOWS\SYSTEM32\WINMM.dll
0x00007ff9ed1a0000 - 0x00007ff9ed211000 	C:\WINDOWS\System32\WS2_32.dll
0x00007ff9e3260000 - 0x00007ff9e326a000 	C:\WINDOWS\SYSTEM32\VERSION.dll
0x00007ff9e9670000 - 0x00007ff9e9683000 	C:\WINDOWS\SYSTEM32\UMPDC.dll
0x00007ff9e9880000 - 0x00007ff9e9898000 	C:\WINDOWS\SYSTEM32\kernel.appcore.dll
0x00007ff9e1060000 - 0x00007ff9e106a000 	C:\Users\NITRO 5\.p2\pool\plugins\org.eclipse.justj.openjdk.hotspot.jre.full.win32.x86_64_17.0.8.v20230801-1951\jre\bin\jimage.dll
0x00007ff9e7ff0000 - 0x00007ff9e8223000 	C:\WINDOWS\SYSTEM32\DBGHELP.DLL
0x00007ff9eca60000 - 0x00007ff9ecde8000 	C:\WINDOWS\System32\combase.dll
0x00007ff9ec1c0000 - 0x00007ff9ec297000 	C:\WINDOWS\System32\OLEAUT32.dll
0x00007ff9e0bc0000 - 0x00007ff9e0bf2000 	C:\WINDOWS\SYSTEM32\dbgcore.DLL
0x00007ff9ea8d0000 - 0x00007ff9ea949000 	C:\WINDOWS\System32\bcryptPrimitives.dll
0x00007ff9d0f20000 - 0x00007ff9d0f45000 	C:\Users\NITRO 5\.p2\pool\plugins\org.eclipse.justj.openjdk.hotspot.jre.full.win32.x86_64_17.0.8.v20230801-1951\jre\bin\java.dll
0x00007ff9d0f00000 - 0x00007ff9d0f18000 	C:\Users\NITRO 5\.p2\pool\plugins\org.eclipse.justj.openjdk.hotspot.jre.full.win32.x86_64_17.0.8.v20230801-1951\jre\bin\zip.dll
0x00007ff9eb2a0000 - 0x00007ff9ebafc000 	C:\WINDOWS\System32\SHELL32.dll
0x00007ff9e8740000 - 0x00007ff9e9039000 	C:\WINDOWS\SYSTEM32\windows.storage.dll
0x00007ff9e8600000 - 0x00007ff9e873e000 	C:\WINDOWS\SYSTEM32\wintypes.dll
0x00007ff9ebb30000 - 0x00007ff9ebc23000 	C:\WINDOWS\System32\SHCORE.dll
0x00007ff9ebc30000 - 0x00007ff9ebc8e000 	C:\WINDOWS\System32\shlwapi.dll
0x00007ff9ea760000 - 0x00007ff9ea781000 	C:\WINDOWS\SYSTEM32\profapi.dll
0x00007ff9d0ee0000 - 0x00007ff9d0ef9000 	C:\Users\NITRO 5\.p2\pool\plugins\org.eclipse.justj.openjdk.hotspot.jre.full.win32.x86_64_17.0.8.v20230801-1951\jre\bin\net.dll
0x00007ff9e3bc0000 - 0x00007ff9e3cf6000 	C:\WINDOWS\SYSTEM32\WINHTTP.dll
0x00007ff9e9d90000 - 0x00007ff9e9df9000 	C:\WINDOWS\system32\mswsock.dll
0x00007ff9d0ec0000 - 0x00007ff9d0ed5000 	C:\Users\NITRO 5\.p2\pool\plugins\org.eclipse.justj.openjdk.hotspot.jre.full.win32.x86_64_17.0.8.v20230801-1951\jre\bin\nio.dll
0x00007ff97c3c0000 - 0x00007ff97c54e000 	C:\Users\NITRO 5\.p2\pool\plugins\org.eclipse.justj.openjdk.hotspot.jre.full.win32.x86_64_17.0.8.v20230801-1951\jre\bin\awt.dll
0x00007ff9e75b0000 - 0x00007ff9e7647000 	C:\WINDOWS\SYSTEM32\apphelp.dll
0x00007ff9e7bf0000 - 0x00007ff9e7c1b000 	C:\WINDOWS\system32\DWMAPI.DLL
0x00007ff9e78b0000 - 0x00007ff9e795b000 	C:\WINDOWS\system32\uxtheme.dll
0x00007ff9bb4f0000 - 0x00007ff9bb5f0000 	C:\WINDOWS\system32\opengl32.dll
0x00007ff9c66a0000 - 0x00007ff9c66cd000 	C:\WINDOWS\SYSTEM32\GLU32.dll
0x00007ff9e7a90000 - 0x00007ff9e7ac9000 	C:\WINDOWS\SYSTEM32\dxcore.dll
0x00007ff9ed320000 - 0x00007ff9ed473000 	C:\WINDOWS\System32\MSCTF.dll
0x00007ff9ebc90000 - 0x00007ff9ebe35000 	C:\WINDOWS\System32\ole32.dll
0x00007ff97c250000 - 0x00007ff97c2d6000 	C:\Users\NITRO 5\.p2\pool\plugins\org.eclipse.justj.openjdk.hotspot.jre.full.win32.x86_64_17.0.8.v20230801-1951\jre\bin\freetype.dll
0x00007ff97b480000 - 0x00007ff97b553000 	C:\Users\NITRO 5\.p2\pool\plugins\org.eclipse.justj.openjdk.hotspot.jre.full.win32.x86_64_17.0.8.v20230801-1951\jre\bin\fontmanager.dll
0x00007ff9ed0f0000 - 0x00007ff9ed1a0000 	C:\WINDOWS\System32\clbcatq.dll
0x00007ff9e5fd0000 - 0x00007ff9e6180000 	C:\WINDOWS\SYSTEM32\WindowsCodecs.dll
0x00007ff9befb0000 - 0x00007ff9bf00e000 	C:\WINDOWS\system32\dataexchange.dll
0x00007ff9e3330000 - 0x00007ff9e35be000 	C:\WINDOWS\system32\twinapi.appcore.dll
0x00007ff9c7000000 - 0x00007ff9c714a000 	C:\WINDOWS\SYSTEM32\textinputframework.dll
0x00007ff9e72c0000 - 0x00007ff9e73f4000 	C:\WINDOWS\SYSTEM32\CoreMessaging.dll
0x00007ff9e1f40000 - 0x00007ff9e22ac000 	C:\WINDOWS\SYSTEM32\CoreUIComponents.dll
0x00007ff9ea030000 - 0x00007ff9ea03c000 	C:\WINDOWS\SYSTEM32\CRYPTBASE.DLL

dbghelp: loaded successfully - version: 4.0.5 - missing functions: none
symbol engine: initialized successfully - sym options: 0x614 - pdb path: .;C:\Users\NITRO 5\.p2\pool\plugins\org.eclipse.justj.openjdk.hotspot.jre.full.win32.x86_64_17.0.8.v20230801-1951\jre\bin;C:\WINDOWS\SYSTEM32;C:\WINDOWS\WinSxS\amd64_microsoft.windows.common-controls_6595b64144ccf1df_6.0.22621.3235_none_270f74e173860f98;C:\Users\NITRO 5\.p2\pool\plugins\org.eclipse.justj.openjdk.hotspot.jre.full.win32.x86_64_17.0.8.v20230801-1951\jre\bin\server

VM Arguments:
jvm_args: -Dfile.encoding=UTF-8 --module-path=D:\BaiTapLonHSK\library\sqljdbc4.jar;D:\BaiTapLonHSK\library\jcalendar-1.4.jar;D:\BaiTapLonHSK\library\poi\commons-codec-1.11.jar;D:\BaiTapLonHSK\library\poi\commons-collections4-4.2.jar;D:\BaiTapLonHSK\library\poi\commons-compress-1.18.jar;D:\BaiTapLonHSK\library\poi\poi-4.0.1.jar;D:\BaiTapLonHSK\library\poi\poi-ooxml-4.0.1.jar;D:\BaiTapLonHSK\library\poi\poi-ooxml-schemas-4.0.1.jar;D:\BaiTapLonHSK\library\poi\xmlbeans-3.0.2.jar -XX:+ShowCodeDetailsInExceptionMessages 
java_command: gui.Panel_SanPham
java_class_path (initial): D:\BaiTapLonHSK\bin;D:\BaiTapLonHSK\library\aspose-words-23.1.jar
Launcher Type: SUN_STANDARD

[Global flags]
     intx CICompilerCount                          = 12                                        {product} {ergonomic}
     uint ConcGCThreads                            = 3                                         {product} {ergonomic}
     uint G1ConcRefinementThreads                  = 13                                        {product} {ergonomic}
   size_t G1HeapRegionSize                         = 1048576                                   {product} {ergonomic}
    uintx GCDrainStackTargetSize                   = 64                                        {product} {ergonomic}
   size_t InitialHeapSize                          = 132120576                                 {product} {ergonomic}
   size_t MarkStackSize                            = 4194304                                   {product} {ergonomic}
   size_t MaxHeapSize                              = 2086666240                                {product} {ergonomic}
   size_t MaxNewSize                               = 1251999744                                {product} {ergonomic}
   size_t MinHeapDeltaBytes                        = 1048576                                   {product} {ergonomic}
   size_t MinHeapSize                              = 8388608                                   {product} {ergonomic}
    uintx NonNMethodCodeHeapSize                   = 7602480                                {pd product} {ergonomic}
    uintx NonProfiledCodeHeapSize                  = 122027880                              {pd product} {ergonomic}
    uintx ProfiledCodeHeapSize                     = 122027880                              {pd product} {ergonomic}
    uintx ReservedCodeCacheSize                    = 251658240                              {pd product} {ergonomic}
     bool SegmentedCodeCache                       = true                                      {product} {ergonomic}
     bool ShowCodeDetailsInExceptionMessages       = true                                   {manageable} {command line}
   size_t SoftMaxHeapSize                          = 2086666240                             {manageable} {ergonomic}
     bool UseCompressedClassPointers               = true                           {product lp64_product} {ergonomic}
     bool UseCompressedOops                        = true                           {product lp64_product} {ergonomic}
     bool UseG1GC                                  = true                                      {product} {ergonomic}
     bool UseLargePagesIndividualAllocation        = false                                  {pd product} {ergonomic}

Logging:
Log output configuration:
 #0: stdout all=warning uptime,level,tags
 #1: stderr all=off uptime,level,tags

Environment Variables:
CLASSPATH=C:\Program Files\Java\jdk-1.8\lib
PATH=C:/Users/NITRO 5/.p2/pool/plugins/org.eclipse.justj.openjdk.hotspot.jre.full.win32.x86_64_17.0.8.v20230801-1951/jre/bin/server;C:/Users/NITRO 5/.p2/pool/plugins/org.eclipse.justj.openjdk.hotspot.jre.full.win32.x86_64_17.0.8.v20230801-1951/jre/bin;C:\Program Files\Microsoft\jdk-11.0.16.101-hotspot\bin;C:\Program Files (x86)\Common Files\Intel\Shared Libraries\redist\intel64\compiler;C:\Windows\System32;C:\Program Files (x86)\NVIDIA Corporation\PhysX\Common;C:\Program Files\NVIDIA Corporation\NVIDIA NvDLISR;C:\Program Files\dotnet\;C:\Program Files (x86)\Windows Kits\10\Windows Performance Toolkit\;C:\Program Files (x86)\Microsoft SQL Server\160\Tools\Binn\;C:\Program Files\Microsoft SQL Server\160\Tools\Binn\;C:\Program Files\Microsoft SQL Server\Client SDK\ODBC\170\Tools\Binn\;C:\Program Files\Microsoft SQL Server\160\DTS\Binn\;C:\Program Files\Azure Data Studio\bin;C:\Program Files (x86)\mingw-w64\mingw64\bin;C:\Program Files\MongoDB\Server\6.0\bin;C:\Program Files\MongoDB\Tools\100\bin;C:\Program Files\Git\cmd;C:\Program Files (x86)\Microsoft SQL Server\160\DTS\Binn\;C:\Program Files\Microsoft\jdk-11.0.16.101-hotspot\bin;C:\Program Files\JetBrains\IntelliJ IDEA 2023.2\bin;;C:\Program Files\JetBrains\IntelliJ IDEA Educational Edition 2022.2.2\bin;;C:\Users\NITRO 5\AppData\Local\Programs\Microsoft VS Code\bin;C:\Users\NITRO 5\.dotnet\tools;C:\Program Files\Azure Data Studio\bin;C:\Program Files (x86)\mingw-w64\mingw64\bin;C:\Users\NITRO 5\AppData\Local\Programs\mongosh\;C:\Program Files\Git\bin;;C:\Users\NITRO 5\OneDrive - Industrial University of HoChiMinh City\Desktop;
USERNAME=NITRO 5
OS=Windows_NT
PROCESSOR_IDENTIFIER=Intel64 Family 6 Model 141 Stepping 1, GenuineIntel
TMP=C:\Users\NITRO5~1\AppData\Local\Temp
TEMP=C:\Users\NITRO5~1\AppData\Local\Temp



---------------  S Y S T E M  ---------------

OS:
 Windows 11 , 64 bit Build 22621 (10.0.22621.3374)
OS uptime: 1 days 11:10 hours
Hyper-V role detected

CPU: total 16 (initial active 16) (8 cores per cpu, 2 threads per core) family 6 model 141 stepping 1 microcode 0x3c, cx8, cmov, fxsr, ht, mmx, 3dnowpref, sse, sse2, sse3, ssse3, sse4.1, sse4.2, popcnt, lzcnt, tsc, tscinvbit, avx, avx2, aes, erms, clmul, bmi1, bmi2, adx, avx512f, avx512dq, avx512cd, avx512bw, avx512vl, sha, fma, vzeroupper, avx512_vpopcntdq, avx512_vpclmulqdq, avx512_vaes, avx512_vnni, clflush, clflushopt, clwb, avx512_vbmi2, avx512_vbmi, hv
Processor Information for all 16 processors :
  Max Mhz: 2304, Current Mhz: 2304, Mhz Limit: 2304

Memory: 4k page, system-wide physical 7955M (409M free)
TotalPageFile size 32531M (AvailPageFile size 76M)
current process WorkingSet (physical memory assigned to process): 166M, peak: 166M
current process commit charge ("private bytes"): 244M, peak: 315M

vm_info: OpenJDK 64-Bit Server VM (17.0.8+7) for windows-amd64 JRE (17.0.8+7), built on Jul 18 2023 21:02:32 by "admin" with MS VC++ 16.7 (VS2019)

END.
