#
# There is insufficient memory for the Java Runtime Environment to continue.
# Native memory allocation (mmap) failed to map 132120576 bytes for G1 virtual space
# Possible reasons:
#   The system is out of physical RAM or swap space
#   The process is running with CompressedOops enabled, and the Java Heap may be blocking the growth of the native heap
# Possible solutions:
#   Reduce memory load on the system
#   Increase physical memory or swap space
#   Check if swap backing store is full
#   Decrease Java heap size (-Xmx/-Xms)
#   Decrease number of Java threads
#   Decrease Java thread stack sizes (-Xss)
#   Set larger code cache with -XX:ReservedCodeCacheSize=
#   JVM is running with Unscaled Compressed Oops mode in which the Java heap is
#     placed in the first 4GB address space. The Java Heap base address is the
#     maximum limit for the native heap growth. Please use -XX:HeapBaseMinAddress
#     to set the Java Heap base and to place the Java Heap above 4GB virtual address.
# This output file may be truncated or incomplete.
#
#  Out of Memory Error (os_windows.cpp:3600), pid=9572, tid=15008
#
# JRE version:  (21.0.2+13) (build )
# Java VM: Java HotSpot(TM) 64-Bit Server VM (21.0.2+13-LTS-58, mixed mode, sharing, tiered, compressed oops, compressed class ptrs, g1 gc, windows-amd64)
# No core dump will be written. Minidumps are not enabled by default on client versions of Windows
#

---------------  S U M M A R Y ------------

Command Line: -Dfile.encoding=UTF-8 -Dstdout.encoding=UTF-8 -Dstderr.encoding=UTF-8 --module-path=C:\Users\RAZO\Documents\GitHub\BaiTapLonHSK\library\sqljdbc4.jar;C:\Users\RAZO\Documents\GitHub\BaiTapLonHSK\library\jcalendar-1.4.jar -XX:+ShowCodeDetailsInExceptionMessages gui.TrangChu_GUI

Host: Intel(R) Core(TM) i5-10310U CPU @ 1.70GHz, 8 cores, 7G,  Windows 11 , 64 bit Build 22621 (10.0.22621.3374)
Time: Thu Apr 18 23:37:07 2024 SE Asia Standard Time elapsed time: 0.013765 seconds (0d 0h 0m 0s)

---------------  T H R E A D  ---------------

Current thread (0x0000024d7d379b70):  JavaThread "Unknown thread" [_thread_in_vm, id=15008, stack(0x000000e5cf100000,0x000000e5cf200000) (1024K)]

Stack: [0x000000e5cf100000,0x000000e5cf200000]
Native frames: (J=compiled Java code, j=interpreted, Vv=VM code, C=native code)
V  [jvm.dll+0x6cade9]
V  [jvm.dll+0x8569c1]
V  [jvm.dll+0x858d2e]
V  [jvm.dll+0x859413]
V  [jvm.dll+0x280e56]
V  [jvm.dll+0x6c74d5]
V  [jvm.dll+0x6bbeca]
V  [jvm.dll+0x355bca]
V  [jvm.dll+0x35d816]
V  [jvm.dll+0x3ae67e]
V  [jvm.dll+0x3ae928]
V  [jvm.dll+0x3295dc]
V  [jvm.dll+0x32a16b]
V  [jvm.dll+0x81efa9]
V  [jvm.dll+0x3bba01]
V  [jvm.dll+0x807928]
V  [jvm.dll+0x44f50e]
V  [jvm.dll+0x450e11]
C  [jli.dll+0x52a3]
C  [ucrtbase.dll+0x29333]
C  [KERNEL32.DLL+0x1257d]
C  [ntdll.dll+0x5aa48]


---------------  P R O C E S S  ---------------

Threads class SMR info:
_java_thread_list=0x00007fff61c4bb88, length=0, elements={
}

Java Threads: ( => current thread )
Total: 0

Other Threads:
  0x0000024d7f58b0f0 WorkerThread "GC Thread#0"                     [id=12688, stack(0x000000e5cf200000,0x000000e5cf300000) (1024K)]
  0x0000024d7f59d230 ConcurrentGCThread "G1 Main Marker"            [id=4780, stack(0x000000e5cf300000,0x000000e5cf400000) (1024K)]
  0x0000024d7f59e440 WorkerThread "G1 Conc#0"                       [id=21768, stack(0x000000e5cf400000,0x000000e5cf500000) (1024K)]

[error occurred during error reporting (printing all threads), id 0xc0000005, EXCEPTION_ACCESS_VIOLATION (0xc0000005) at pc=0x00007fff613bc6a7]
VM state: not at safepoint (not fully initialized)

VM Mutex/Monitor currently owned by a thread:  ([mutex/lock_event])
[0x00007fff61cbce68] Heap_lock - owner thread: 0x0000024d7d379b70

Heap address: 0x0000000083800000, size: 1992 MB, Compressed Oops mode: 32-bit

CDS archive(s) mapped at: [0x0000000000000000-0x0000000000000000-0x0000000000000000), size 0, SharedBaseAddress: 0x0000000800000000, ArchiveRelocationMode: 1.
Narrow klass base: 0x0000000000000000, Narrow klass shift: 0, Narrow klass range: 0x0

GC Precious Log:
 CardTable entry size: 512
 Card Set container configuration: InlinePtr #cards 5 size 8 Array Of Cards #cards 12 size 40 Howl #buckets 4 coarsen threshold 1843 Howl Bitmap #cards 512 size 80 coarsen threshold 460 Card regions per heap region 1 cards per card region 2048

Heap:
 garbage-first heap   total 0K, used 0K [0x0000000083800000, 0x0000000100000000)
  region size 1024K, 0 young (0K), 0 survivors (0K)

[error occurred during error reporting (printing heap information), id 0xc0000005, EXCEPTION_ACCESS_VIOLATION (0xc0000005) at pc=0x00007fff617a39f9]
GC Heap History (0 events):
No events

Dll operation events (1 events):
Event: 0.010 Loaded shared library C:\Program Files\Java\jdk-21\bin\java.dll

Deoptimization events (0 events):
No events

Classes loaded (0 events):
No events

Classes unloaded (0 events):
No events

Classes redefined (0 events):
No events

Internal exceptions (0 events):
No events

ZGC Phase Switch (0 events):
No events

VM Operations (0 events):
No events

Events (0 events):
No events


Dynamic libraries:
0x00007ff6ff590000 - 0x00007ff6ff5a0000 	C:\Program Files\Java\jdk-21\bin\javaw.exe
0x00007fffa71d0000 - 0x00007fffa73e6000 	C:\Windows\SYSTEM32\ntdll.dll
0x00007fffa5dc0000 - 0x00007fffa5e84000 	C:\Windows\System32\KERNEL32.DLL
0x00007fffa4950000 - 0x00007fffa4cf7000 	C:\Windows\System32\KERNELBASE.dll
0x00007fffa4830000 - 0x00007fffa4941000 	C:\Windows\System32\ucrtbase.dll
0x00007fff88e10000 - 0x00007fff88e2b000 	C:\Program Files\Java\jdk-21\bin\VCRUNTIME140.dll
0x00007fff8cdb0000 - 0x00007fff8cdc9000 	C:\Program Files\Java\jdk-21\bin\jli.dll
0x00007fffa6fb0000 - 0x00007fffa7062000 	C:\Windows\System32\ADVAPI32.dll
0x00007fffa6ac0000 - 0x00007fffa6b67000 	C:\Windows\System32\msvcrt.dll
0x00007fffa5870000 - 0x00007fffa5918000 	C:\Windows\System32\sechost.dll
0x00007fffa4d00000 - 0x00007fffa4d28000 	C:\Windows\System32\bcrypt.dll
0x00007fffa7070000 - 0x00007fffa7185000 	C:\Windows\System32\RPCRT4.dll
0x00007fffa5c10000 - 0x00007fffa5dbe000 	C:\Windows\System32\USER32.dll
0x00007fffa4d30000 - 0x00007fffa4d56000 	C:\Windows\System32\win32u.dll
0x00007fff885a0000 - 0x00007fff88833000 	C:\Windows\WinSxS\amd64_microsoft.windows.common-controls_6595b64144ccf1df_6.0.22621.3235_none_270f74e173860f98\COMCTL32.dll
0x00007fffa5a20000 - 0x00007fffa5a49000 	C:\Windows\System32\GDI32.dll
0x00007fffa4de0000 - 0x00007fffa4ef9000 	C:\Windows\System32\gdi32full.dll
0x00007fffa4790000 - 0x00007fffa482a000 	C:\Windows\System32\msvcp_win.dll
0x00007fff938e0000 - 0x00007fff938ea000 	C:\Windows\SYSTEM32\VERSION.dll
0x00007fffa6900000 - 0x00007fffa6931000 	C:\Windows\System32\IMM32.DLL
0x00007fff9dde0000 - 0x00007fff9ddec000 	C:\Program Files\Java\jdk-21\bin\vcruntime140_1.dll
0x00007fff7efc0000 - 0x00007fff7f04e000 	C:\Program Files\Java\jdk-21\bin\msvcp140.dll
0x00007fff61080000 - 0x00007fff61d97000 	C:\Program Files\Java\jdk-21\bin\server\jvm.dll
0x00007fffa5f90000 - 0x00007fffa6001000 	C:\Windows\System32\WS2_32.dll
0x00007fffa3350000 - 0x00007fffa339d000 	C:\Windows\SYSTEM32\POWRPROF.dll
0x00007fff9bfd0000 - 0x00007fff9c004000 	C:\Windows\SYSTEM32\WINMM.dll
0x00007fffa3330000 - 0x00007fffa3343000 	C:\Windows\SYSTEM32\UMPDC.dll
0x00007fffa35e0000 - 0x00007fffa35f8000 	C:\Windows\SYSTEM32\kernel.appcore.dll
0x00007fff9f730000 - 0x00007fff9f73a000 	C:\Program Files\Java\jdk-21\bin\jimage.dll
0x00007fffa1c50000 - 0x00007fffa1e83000 	C:\Windows\SYSTEM32\DBGHELP.DLL
0x00007fffa6c20000 - 0x00007fffa6fa8000 	C:\Windows\System32\combase.dll
0x00007fffa5630000 - 0x00007fffa5707000 	C:\Windows\System32\OLEAUT32.dll
0x00007fff82c20000 - 0x00007fff82c52000 	C:\Windows\SYSTEM32\dbgcore.DLL
0x00007fffa4d60000 - 0x00007fffa4dd9000 	C:\Windows\System32\bcryptPrimitives.dll
0x00007fff9f710000 - 0x00007fff9f72f000 	C:\Program Files\Java\jdk-21\bin\java.dll

dbghelp: loaded successfully - version: 4.0.5 - missing functions: none
symbol engine: initialized successfully - sym options: 0x614 - pdb path: .;C:\Program Files\Java\jdk-21\bin;C:\Windows\SYSTEM32;C:\Windows\WinSxS\amd64_microsoft.windows.common-controls_6595b64144ccf1df_6.0.22621.3235_none_270f74e173860f98;C:\Program Files\Java\jdk-21\bin\server

VM Arguments:
jvm_args: -Dfile.encoding=UTF-8 -Dstdout.encoding=UTF-8 -Dstderr.encoding=UTF-8 --module-path=C:\Users\RAZO\Documents\GitHub\BaiTapLonHSK\library\sqljdbc4.jar;C:\Users\RAZO\Documents\GitHub\BaiTapLonHSK\library\jcalendar-1.4.jar -XX:+ShowCodeDetailsInExceptionMessages 
java_command: gui.TrangChu_GUI
java_class_path (initial): C:\Users\RAZO\Documents\GitHub\BaiTapLonHSK\bin
Launcher Type: SUN_STANDARD

[Global flags]
     intx CICompilerCount                          = 4                                         {product} {ergonomic}
     uint ConcGCThreads                            = 2                                         {product} {ergonomic}
     uint G1ConcRefinementThreads                  = 8                                         {product} {ergonomic}
   size_t G1HeapRegionSize                         = 1048576                                   {product} {ergonomic}
    uintx GCDrainStackTargetSize                   = 64                                        {product} {ergonomic}
   size_t InitialHeapSize                          = 132120576                                 {product} {ergonomic}
   size_t MarkStackSize                            = 4194304                                   {product} {ergonomic}
   size_t MaxHeapSize                              = 2088763392                                {product} {ergonomic}
   size_t MinHeapDeltaBytes                        = 1048576                                   {product} {ergonomic}
   size_t MinHeapSize                              = 8388608                                   {product} {ergonomic}
    uintx NonNMethodCodeHeapSize                   = 5839372                                {pd product} {ergonomic}
    uintx NonProfiledCodeHeapSize                  = 122909434                              {pd product} {ergonomic}
    uintx ProfiledCodeHeapSize                     = 122909434                              {pd product} {ergonomic}
    uintx ReservedCodeCacheSize                    = 251658240                              {pd product} {ergonomic}
     bool SegmentedCodeCache                       = true                                      {product} {ergonomic}
     bool ShowCodeDetailsInExceptionMessages       = true                                   {manageable} {command line}
   size_t SoftMaxHeapSize                          = 2088763392                             {manageable} {ergonomic}
     bool UseCompressedOops                        = true                           {product lp64_product} {ergonomic}
     bool UseG1GC                                  = true                                      {product} {ergonomic}
     bool UseLargePagesIndividualAllocation        = false                                  {pd product} {ergonomic}

Logging:
Log output configuration:
 #0: stdout all=warning uptime,level,tags foldmultilines=false
 #1: stderr all=off uptime,level,tags foldmultilines=false

Environment Variables:
PATH=C:/Program Files/Java/jdk-21/bin/server;C:/Program Files/Java/jdk-21/bin;C:\Program Files\Common Files\Oracle\Java\javapath;C:\Program Files\Microsoft MPI\Bin\;C:\Windows\system32;C:\Windows;C:\Windows\System32\Wbem;C:\Windows\System32\WindowsPowerShell\v1.0\;C:\Windows\System32\OpenSSH\;C:\Program Files (x86)\Microsoft SQL Server\160\Tools\Binn\;C:\Program Files\Microsoft SQL Server\160\Tools\Binn\;C:\Program Files\Microsoft SQL Server\Client SDK\ODBC\170\Tools\Binn\;C:\Program Files\Microsoft SQL Server\160\DTS\Binn\;C:\Program Files (x86)\Microsoft SQL Server\160\DTS\Binn\;C:\Program Files\Azure Data Studio\bin;C:\Program Files\Git\cmd;C:\Users\RAZO\AppData\Local\Microsoft\WindowsApps;C:\Program Files\Azure Data Studio\bin;C:\Users\RAZO\AppData\Local\Programs\Microsoft VS Code\bin;C:\Program Files\Java\jdk-21\bin;C:\Users\RAZO\AppData\Local\GitHubDesktop\bin;C:\Users\RAZO\AppData\Local\Programs\mongosh\;C:\Program Files\MongoDB\Server\6.0\bin;C:\Program Files\MongoDB\Tools\100\bin;;C:\Windows\system32;
USERNAME=RAZO
OS=Windows_NT
PROCESSOR_IDENTIFIER=Intel64 Family 6 Model 142 Stepping 12, GenuineIntel
TMP=C:\Users\RAZO\AppData\Local\Temp
TEMP=C:\Users\RAZO\AppData\Local\Temp




Periodic native trim disabled

---------------  S Y S T E M  ---------------

OS:
 Windows 11 , 64 bit Build 22621 (10.0.22621.3374)
OS uptime: 0 days 4:31 hours
Hyper-V role detected

CPU: total 8 (initial active 8) (4 cores per cpu, 2 threads per core) family 6 model 142 stepping 12 microcode 0xfa, cx8, cmov, fxsr, ht, mmx, 3dnowpref, sse, sse2, sse3, ssse3, sse4.1, sse4.2, popcnt, lzcnt, tsc, tscinvbit, avx, avx2, aes, erms, clmul, bmi1, bmi2, adx, fma, vzeroupper, clflush, clflushopt, hv, rdtscp, f16c
Processor Information for all 8 processors :
  Max Mhz: 2208, Current Mhz: 1706, Mhz Limit: 1700

Memory: 4k page, system-wide physical 7961M (696M free)
TotalPageFile size 28441M (AvailPageFile size 42M)
current process WorkingSet (physical memory assigned to process): 11M, peak: 11M
current process commit charge ("private bytes"): 60M, peak: 186M

vm_info: Java HotSpot(TM) 64-Bit Server VM (21.0.2+13-LTS-58) for windows-amd64 JRE (21.0.2+13-LTS-58), built on 2024-01-05T18:32:24Z by "mach5one" with MS VC++ 17.1 (VS2022)

END.
